<?xml version="1.0" encoding="UTF-8"?>
<testsuite name="com.brigelabz.UserRegistrationTest" tests="16" skipped="0" failures="1" errors="0" timestamp="2021-06-02T12:57:28" hostname="LAPTOP-DILI6N8Q" time="0.011">
  <properties/>
  <testcase name="givenLastName_whenValid_thenReturnFalse" classname="com.brigelabz.UserRegistrationTest" time="0.001"/>
  <testcase name="givenPhoneNumber_WhenValid_ThenReturn" classname="com.brigelabz.UserRegistrationTest" time="0.001"/>
  <testcase name="givenFirstName_whenValid_thenReturnTrue" classname="com.brigelabz.UserRegistrationTest" time="0.001"/>
  <testcase name="givenLastName_whenInvalidFirstLetterUpperCase_thenReturnFalse" classname="com.brigelabz.UserRegistrationTest" time="0.0"/>
  <testcase name="mood_Analyser_Test_Sad" classname="com.brigelabz.UserRegistrationTest" time="0.0"/>
  <testcase name="mood_Analyser_Test_Happy" classname="com.brigelabz.UserRegistrationTest" time="0.003">
    <failure message="org.junit.ComparisonFailure: expected:&lt;[HAPPY]&gt; but was:&lt;[SAD]&gt;" type="org.junit.ComparisonFailure">org.junit.ComparisonFailure: expected:&lt;[HAPPY]&gt; but was:&lt;[SAD]&gt;
	at org.junit.Assert.assertEquals(Assert.java:115)
	at org.junit.Assert.assertEquals(Assert.java:144)
	at com.brigelabz.UserRegistrationTest.mood_Analyser_Test_Happy(UserRegistrationTest.java:115)
	at sun.reflect.NativeMethodAccessorImpl.invoke0(Native Method)
	at sun.reflect.NativeMethodAccessorImpl.invoke(NativeMethodAccessorImpl.java:62)
	at sun.reflect.DelegatingMethodAccessorImpl.invoke(DelegatingMethodAccessorImpl.java:43)
	at java.lang.reflect.Method.invoke(Method.java:498)
	at org.junit.runners.model.FrameworkMethod$1.runReflectiveCall(FrameworkMethod.java:50)
	at org.junit.internal.runners.model.ReflectiveCallable.run(ReflectiveCallable.java:12)
	at org.junit.runners.model.FrameworkMethod.invokeExplosively(FrameworkMethod.java:47)
	at org.junit.internal.runners.statements.InvokeMethod.evaluate(InvokeMethod.java:17)
	at org.junit.runners.ParentRunner.runLeaf(ParentRunner.java:325)
	at org.junit.runners.BlockJUnit4ClassRunner.runChild(BlockJUnit4ClassRunner.java:78)
	at org.junit.runners.BlockJUnit4ClassRunner.runChild(BlockJUnit4ClassRunner.java:57)
	at org.junit.runners.ParentRunner$3.run(ParentRunner.java:290)
	at org.junit.runners.ParentRunner$1.schedule(ParentRunner.java:71)
	at org.junit.runners.ParentRunner.runChildren(ParentRunner.java:288)
	at org.junit.runners.ParentRunner.access$000(ParentRunner.java:58)
	at org.junit.runners.ParentRunner$2.evaluate(ParentRunner.java:268)
	at org.junit.runners.ParentRunner.run(ParentRunner.java:363)
	at org.gradle.api.internal.tasks.testing.junit.JUnitTestClassExecutor.runTestClass(JUnitTestClassExecutor.java:110)
	at org.gradle.api.internal.tasks.testing.junit.JUnitTestClassExecutor.execute(JUnitTestClassExecutor.java:58)
	at org.gradle.api.internal.tasks.testing.junit.JUnitTestClassExecutor.execute(JUnitTestClassExecutor.java:38)
	at org.gradle.api.internal.tasks.testing.junit.AbstractJUnitTestClassProcessor.processTestClass(AbstractJUnitTestClassProcessor.java:62)
	at org.gradle.api.internal.tasks.testing.SuiteTestClassProcessor.processTestClass(SuiteTestClassProcessor.java:51)
	at sun.reflect.NativeMethodAccessorImpl.invoke0(Native Method)
	at sun.reflect.NativeMethodAccessorImpl.invoke(NativeMethodAccessorImpl.java:62)
	at sun.reflect.DelegatingMethodAccessorImpl.invoke(DelegatingMethodAccessorImpl.java:43)
	at java.lang.reflect.Method.invoke(Method.java:498)
	at org.gradle.internal.dispatch.ReflectionDispatch.dispatch(ReflectionDispatch.java:36)
	at org.gradle.internal.dispatch.ReflectionDispatch.dispatch(ReflectionDispatch.java:24)
	at org.gradle.internal.dispatch.ContextClassLoaderDispatch.dispatch(ContextClassLoaderDispatch.java:33)
	at org.gradle.internal.dispatch.ProxyDispatchAdapter$DispatchingInvocationHandler.invoke(ProxyDispatchAdapter.java:94)
	at com.sun.proxy.$Proxy2.processTestClass(Unknown Source)
	at org.gradle.api.internal.tasks.testing.worker.TestWorker.processTestClass(TestWorker.java:119)
	at sun.reflect.NativeMethodAccessorImpl.invoke0(Native Method)
	at sun.reflect.NativeMethodAccessorImpl.invoke(NativeMethodAccessorImpl.java:62)
	at sun.reflect.DelegatingMethodAccessorImpl.invoke(DelegatingMethodAccessorImpl.java:43)
	at java.lang.reflect.Method.invoke(Method.java:498)
	at org.gradle.internal.dispatch.ReflectionDispatch.dispatch(ReflectionDispatch.java:36)
	at org.gradle.internal.dispatch.ReflectionDispatch.dispatch(ReflectionDispatch.java:24)
	at org.gradle.internal.remote.internal.hub.MessageHubBackedObjectConnection$DispatchWrapper.dispatch(MessageHubBackedObjectConnection.java:182)
	at org.gradle.internal.remote.internal.hub.MessageHubBackedObjectConnection$DispatchWrapper.dispatch(MessageHubBackedObjectConnection.java:164)
	at org.gradle.internal.remote.internal.hub.MessageHub$Handler.run(MessageHub.java:414)
	at org.gradle.internal.concurrent.ExecutorPolicy$CatchAndRecordFailures.onExecute(ExecutorPolicy.java:64)
	at org.gradle.internal.concurrent.ManagedExecutorImpl$1.run(ManagedExecutorImpl.java:48)
	at java.util.concurrent.ThreadPoolExecutor.runWorker(ThreadPoolExecutor.java:1149)
	at java.util.concurrent.ThreadPoolExecutor$Worker.run(ThreadPoolExecutor.java:624)
	at org.gradle.internal.concurrent.ThreadFactoryImpl$ManagedThreadRunnable.run(ThreadFactoryImpl.java:56)
	at java.lang.Thread.run(Thread.java:748)
</failure>
  </testcase>
  <testcase name="givenEmail_WhenValid_ThenReturnTrue" classname="com.brigelabz.UserRegistrationTest" time="0.0"/>
  <testcase name="givenFirstName_whenValid_thenReturnFalse" classname="com.brigelabz.UserRegistrationTest" time="0.0"/>
  <testcase name="givenEmailName_whenInvalid_thenReturnFalse" classname="com.brigelabz.UserRegistrationTest" time="0.0"/>
  <testcase name="givenPassword_WhenInValid_ThenReturnFalse" classname="com.brigelabz.UserRegistrationTest" time="0.0"/>
  <testcase name="givenPhoneNumber_WhenInValid_ThenReturnFalse" classname="com.brigelabz.UserRegistrationTest" time="0.0"/>
  <testcase name="givenLastName_whenValid_thenReturnTrue" classname="com.brigelabz.UserRegistrationTest" time="0.0"/>
  <testcase name="givenLastName_whenInvalidLastLetterUpperCase_thenReturnFalse" classname="com.brigelabz.UserRegistrationTest" time="0.0"/>
  <testcase name="givenPhoneNumber_WhenValid_ThenReturnTrue" classname="com.brigelabz.UserRegistrationTest" time="0.0"/>
  <testcase name="givenPassword_WhenValid_ThenReturnTrue" classname="com.brigelabz.UserRegistrationTest" time="0.0"/>
  <testcase name="givenPhoneNumberIncomplete_WhenInValid_ThenReturnFalse" classname="com.brigelabz.UserRegistrationTest" time="0.001"/>
  <system-out><![CDATA[]]></system-out>
  <system-err><![CDATA[]]></system-err>
</testsuite>
