<?xml version="1.0" encoding="UTF-8"?>
<testsuite name="com.brigelabz.EmailValidatorTest" tests="9" skipped="0" failures="0" errors="0" timestamp="2021-06-02T14:52:36" hostname="LAPTOP-DILI6N8Q" time="0.007">
  <properties/>
  <testcase name="passAllValidEmails_whenExpectedSameForall_ShouldReturnSuccess[0]" classname="com.brigelabz.EmailValidatorTest" time="0.002"/>
  <testcase name="passAllValidEmails_whenExpectedSameForall_ShouldReturnSuccess[1]" classname="com.brigelabz.EmailValidatorTest" time="0.0"/>
  <testcase name="passAllValidEmails_whenExpectedSameForall_ShouldReturnSuccess[2]" classname="com.brigelabz.EmailValidatorTest" time="0.0"/>
  <testcase name="passAllValidEmails_whenExpectedSameForall_ShouldReturnSuccess[3]" classname="com.brigelabz.EmailValidatorTest" time="0.0"/>
  <testcase name="passAllValidEmails_whenExpectedSameForall_ShouldReturnSuccess[4]" classname="com.brigelabz.EmailValidatorTest" time="0.001"/>
  <testcase name="passAllValidEmails_whenExpectedSameForall_ShouldReturnSuccess[5]" classname="com.brigelabz.EmailValidatorTest" time="0.0"/>
  <testcase name="passAllValidEmails_whenExpectedSameForall_ShouldReturnSuccess[6]" classname="com.brigelabz.EmailValidatorTest" time="0.0"/>
  <testcase name="passAllValidEmails_whenExpectedSameForall_ShouldReturnSuccess[7]" classname="com.brigelabz.EmailValidatorTest" time="0.0"/>
  <testcase name="passAllValidEmails_whenExpectedSameForall_ShouldReturnSuccess[8]" classname="com.brigelabz.EmailValidatorTest" time="0.0"/>
  <system-out><![CDATA[]]></system-out>
  <system-err><![CDATA[]]></system-err>
</testsuite>
